[13/Jul/2019:12:45:56 +0530] 0:0:0:0:0:0:0:1 "GET /swagger-ui.html HTTP/1.1" 404 (28 ms)
[13/Jul/2019:12:45:56 +0530] 0:0:0:0:0:0:0:1 "GET /favicon.ico HTTP/1.1" 404 (3 ms)
[13/Jul/2019:12:46:17 +0530] 0:0:0:0:0:0:0:1 "GET /tenant-api/swagger-ui.html HTTP/1.1" 200 (87 ms)
[13/Jul/2019:12:46:17 +0530] 0:0:0:0:0:0:0:1 "GET /tenant-api/webjars/springfox-swagger-ui/swagger-ui.css?v=2.9.2 HTTP/1.1" 200 (40 ms)
[13/Jul/2019:12:46:17 +0530] 0:0:0:0:0:0:0:1 "GET /tenant-api/webjars/springfox-swagger-ui/springfox.css?v=2.9.2 HTTP/1.1" 200 (48 ms)
[13/Jul/2019:12:46:17 +0530] 0:0:0:0:0:0:0:1 "GET /tenant-api/webjars/springfox-swagger-ui/swagger-ui-standalone-preset.js?v=2.9.2 HTTP/1.1" 200 (23 ms)
[13/Jul/2019:12:46:17 +0530] 0:0:0:0:0:0:0:1 "GET /tenant-api/webjars/springfox-swagger-ui/springfox.js?v=2.9.2 HTTP/1.1" 200 (32 ms)
[13/Jul/2019:12:46:17 +0530] 0:0:0:0:0:0:0:1 "GET /tenant-api/webjars/springfox-swagger-ui/swagger-ui-bundle.js?v=2.9.2 HTTP/1.1" 200 (41 ms)
[13/Jul/2019:12:46:19 +0530] 0:0:0:0:0:0:0:1 "GET /tenant-api/webjars/springfox-swagger-ui/favicon-32x32.png?v=2.9.2 HTTP/1.1" 200 (7 ms)
[13/Jul/2019:12:46:19 +0530] 0:0:0:0:0:0:0:1 "GET /tenant-api/swagger-resources/configuration/ui HTTP/1.1" 200 (160 ms)
[13/Jul/2019:12:46:19 +0530] 0:0:0:0:0:0:0:1 "GET /tenant-api/swagger-resources/configuration/security HTTP/1.1" 200 (8 ms)
[13/Jul/2019:12:46:19 +0530] 0:0:0:0:0:0:0:1 "GET /tenant-api/swagger-resources HTTP/1.1" 200 (8 ms)
[13/Jul/2019:12:46:19 +0530] 0:0:0:0:0:0:0:1 "GET /tenant-api/ HTTP/1.1" 404 (25 ms)
[13/Jul/2019:12:46:19 +0530] 0:0:0:0:0:0:0:1 "GET /tenant-api/v2/api-docs?group=tenant HTTP/1.1" 200 (54 ms)
[13/Jul/2019:12:46:19 +0530] 0:0:0:0:0:0:0:1 "GET /tenant-api/webjars/springfox-swagger-ui/fonts/titillium-web-v6-latin-700.woff2 HTTP/1.1" 200 (5 ms)
[13/Jul/2019:12:46:19 +0530] 0:0:0:0:0:0:0:1 "GET /tenant-api/webjars/springfox-swagger-ui/fonts/open-sans-v15-latin-regular.woff2 HTTP/1.1" 200 (4 ms)
[13/Jul/2019:12:46:19 +0530] 0:0:0:0:0:0:0:1 "GET /tenant-api/csrf HTTP/1.1" 404 (7 ms)
[13/Jul/2019:12:46:19 +0530] 0:0:0:0:0:0:0:1 "GET /tenant-api/webjars/springfox-swagger-ui/fonts/source-code-pro-v7-latin-300.woff2 HTTP/1.1" 200 (4 ms)
[13/Jul/2019:12:46:19 +0530] 0:0:0:0:0:0:0:1 "GET /tenant-api/webjars/springfox-swagger-ui/fonts/open-sans-v15-latin-700.woff2 HTTP/1.1" 200 (9 ms)
[13/Jul/2019:12:46:32 +0530] 0:0:0:0:0:0:0:1 "GET /tenant-api/webjars/springfox-swagger-ui/fonts/titillium-web-v6-latin-regular.woff2 HTTP/1.1" 200 (6 ms)
[13/Jul/2019:12:49:41 +0530] 0:0:0:0:0:0:0:1 "GET /tenant-api/swagger-ui.html HTTP/1.1" 304 (85 ms)
[13/Jul/2019:12:49:41 +0530] 0:0:0:0:0:0:0:1 "GET /tenant-api/webjars/springfox-swagger-ui/favicon-32x32.png?v=2.9.2 HTTP/1.1" 200 (14 ms)
[13/Jul/2019:12:49:41 +0530] 0:0:0:0:0:0:0:1 "GET /tenant-api/swagger-resources/configuration/ui HTTP/1.1" 200 (114 ms)
[13/Jul/2019:12:49:42 +0530] 0:0:0:0:0:0:0:1 "GET /tenant-api/swagger-resources/configuration/security HTTP/1.1" 200 (10 ms)
[13/Jul/2019:12:49:42 +0530] 0:0:0:0:0:0:0:1 "GET /tenant-api/swagger-resources HTTP/1.1" 200 (8 ms)
[13/Jul/2019:12:49:42 +0530] 0:0:0:0:0:0:0:1 "GET /tenant-api/ HTTP/1.1" 404 (37 ms)
[13/Jul/2019:12:49:42 +0530] 0:0:0:0:0:0:0:1 "GET /tenant-api/csrf HTTP/1.1" 404 (22 ms)
[13/Jul/2019:12:49:42 +0530] 0:0:0:0:0:0:0:1 "GET /tenant-api/v2/api-docs?group=tenant HTTP/1.1" 200 (86 ms)
[13/Jul/2019:12:49:47 +0530] 0:0:0:0:0:0:0:1 "GET /tenant-api/swagger-ui.html HTTP/1.1" 304 (5 ms)
[13/Jul/2019:12:49:47 +0530] 0:0:0:0:0:0:0:1 "GET /tenant-api/swagger-resources/configuration/ui HTTP/1.1" 200 (3 ms)
[13/Jul/2019:12:49:47 +0530] 0:0:0:0:0:0:0:1 "GET /tenant-api/webjars/springfox-swagger-ui/favicon-32x32.png?v=2.9.2 HTTP/1.1" 200 (4 ms)
[13/Jul/2019:12:49:47 +0530] 0:0:0:0:0:0:0:1 "GET /tenant-api/swagger-resources/configuration/security HTTP/1.1" 200 (3 ms)
[13/Jul/2019:12:49:47 +0530] 0:0:0:0:0:0:0:1 "GET /tenant-api/swagger-resources HTTP/1.1" 200 (2 ms)
[13/Jul/2019:12:49:47 +0530] 0:0:0:0:0:0:0:1 "GET /tenant-api/v2/api-docs?group=tenant HTTP/1.1" 200 (10 ms)
[13/Jul/2019:12:49:47 +0530] 0:0:0:0:0:0:0:1 "GET /tenant-api/ HTTP/1.1" 404 (6 ms)
[13/Jul/2019:12:49:47 +0530] 0:0:0:0:0:0:0:1 "GET /tenant-api/csrf HTTP/1.1" 404 (6 ms)
[13/Jul/2019:12:51:30 +0530] 0:0:0:0:0:0:0:1 "GET /tenant-api/swagger-ui.html HTTP/1.1" 304 (3 ms)
[13/Jul/2019:12:51:30 +0530] 0:0:0:0:0:0:0:1 "GET /tenant-api/swagger-resources/configuration/ui HTTP/1.1" 200 (2 ms)
[13/Jul/2019:12:51:30 +0530] 0:0:0:0:0:0:0:1 "GET /tenant-api/webjars/springfox-swagger-ui/favicon-32x32.png?v=2.9.2 HTTP/1.1" 200 (3 ms)
[13/Jul/2019:12:51:30 +0530] 0:0:0:0:0:0:0:1 "GET /tenant-api/swagger-resources/configuration/security HTTP/1.1" 200 (8 ms)
[13/Jul/2019:12:51:30 +0530] 0:0:0:0:0:0:0:1 "GET /tenant-api/swagger-resources HTTP/1.1" 200 (3 ms)
[13/Jul/2019:12:51:30 +0530] 0:0:0:0:0:0:0:1 "GET /tenant-api/v2/api-docs?group=tenant HTTP/1.1" 200 (2 ms)
[13/Jul/2019:12:51:30 +0530] 0:0:0:0:0:0:0:1 "GET /tenant-api/ HTTP/1.1" 404 (5 ms)
[13/Jul/2019:12:51:30 +0530] 0:0:0:0:0:0:0:1 "GET /tenant-api/csrf HTTP/1.1" 404 (9 ms)
[13/Jul/2019:12:51:32 +0530] 0:0:0:0:0:0:0:1 "GET /tenant-api/swagger-ui.html HTTP/1.1" 304 (6 ms)
[13/Jul/2019:12:51:32 +0530] 0:0:0:0:0:0:0:1 "GET /tenant-api/swagger-resources/configuration/ui HTTP/1.1" 200 (3 ms)
[13/Jul/2019:12:51:32 +0530] 0:0:0:0:0:0:0:1 "GET /tenant-api/webjars/springfox-swagger-ui/favicon-32x32.png?v=2.9.2 HTTP/1.1" 200 (3 ms)
[13/Jul/2019:12:51:32 +0530] 0:0:0:0:0:0:0:1 "GET /tenant-api/swagger-resources/configuration/security HTTP/1.1" 200 (3 ms)
[13/Jul/2019:12:51:32 +0530] 0:0:0:0:0:0:0:1 "GET /tenant-api/swagger-resources HTTP/1.1" 200 (2 ms)
[13/Jul/2019:12:51:32 +0530] 0:0:0:0:0:0:0:1 "GET /tenant-api/v2/api-docs?group=tenant HTTP/1.1" 200 (4 ms)
[13/Jul/2019:12:51:32 +0530] 0:0:0:0:0:0:0:1 "GET /tenant-api/ HTTP/1.1" 404 (5 ms)
[13/Jul/2019:12:51:32 +0530] 0:0:0:0:0:0:0:1 "GET /tenant-api/csrf HTTP/1.1" 404 (4 ms)
[13/Jul/2019:12:52:26 +0530] 0:0:0:0:0:0:0:1 "GET /tenant-api/swagger-ui.html HTTP/1.1" 304 (83 ms)
[13/Jul/2019:12:52:26 +0530] 0:0:0:0:0:0:0:1 "GET /tenant-api/webjars/springfox-swagger-ui/favicon-32x32.png?v=2.9.2 HTTP/1.1" 200 (19 ms)
[13/Jul/2019:12:52:26 +0530] 0:0:0:0:0:0:0:1 "GET /tenant-api/swagger-resources/configuration/ui HTTP/1.1" 200 (150 ms)
[13/Jul/2019:12:52:26 +0530] 0:0:0:0:0:0:0:1 "GET /tenant-api/swagger-resources/configuration/security HTTP/1.1" 200 (11 ms)
[13/Jul/2019:12:52:26 +0530] 0:0:0:0:0:0:0:1 "GET /tenant-api/swagger-resources HTTP/1.1" 200 (13 ms)
[13/Jul/2019:12:52:27 +0530] 0:0:0:0:0:0:0:1 "GET /tenant-api/csrf HTTP/1.1" 404 (10 ms)
[13/Jul/2019:12:52:27 +0530] 0:0:0:0:0:0:0:1 "GET /tenant-api/ HTTP/1.1" 404 (61 ms)
[13/Jul/2019:12:52:27 +0530] 0:0:0:0:0:0:0:1 "GET /tenant-api/v2/api-docs?group=tenant HTTP/1.1" 200 (182 ms)
[13/Jul/2019:12:52:32 +0530] 0:0:0:0:0:0:0:1 "GET /tenant-api/webjars/springfox-swagger-ui/fonts/source-code-pro-v7-latin-600.woff2 HTTP/1.1" 200 (11 ms)
[13/Jul/2019:13:01:54 +0530] 0:0:0:0:0:0:0:1 "GET /tenant-api/v1/login?password=test&phone=9822110344 HTTP/1.1" 500 (165 ms)
[13/Jul/2019:13:01:55 +0530] 0:0:0:0:0:0:0:1 "GET /tenant-api/webjars/springfox-swagger-ui/fonts/titillium-web-v6-latin-600.woff2 HTTP/1.1" 200 (4 ms)
[13/Jul/2019:13:12:53 +0530] 0:0:0:0:0:0:0:1 "GET /tenant-api/swagger-ui.html HTTP/1.1" 200 (166 ms)
[13/Jul/2019:13:12:53 +0530] 0:0:0:0:0:0:0:1 "GET /tenant-api/webjars/springfox-swagger-ui/springfox.css?v=2.9.2 HTTP/1.1" 200 (10 ms)
[13/Jul/2019:13:12:53 +0530] 0:0:0:0:0:0:0:1 "GET /tenant-api/webjars/springfox-swagger-ui/swagger-ui.css?v=2.9.2 HTTP/1.1" 200 (16 ms)
[13/Jul/2019:13:12:54 +0530] 0:0:0:0:0:0:0:1 "GET /tenant-api/webjars/springfox-swagger-ui/springfox.js?v=2.9.2 HTTP/1.1" 200 (40 ms)
[13/Jul/2019:13:12:54 +0530] 0:0:0:0:0:0:0:1 "GET /tenant-api/webjars/springfox-swagger-ui/swagger-ui-standalone-preset.js?v=2.9.2 HTTP/1.1" 200 (77 ms)
[13/Jul/2019:13:12:54 +0530] 0:0:0:0:0:0:0:1 "GET /tenant-api/webjars/springfox-swagger-ui/swagger-ui-bundle.js?v=2.9.2 HTTP/1.1" 200 (99 ms)
[13/Jul/2019:13:12:55 +0530] 0:0:0:0:0:0:0:1 "GET /tenant-api/webjars/springfox-swagger-ui/favicon-32x32.png?v=2.9.2 HTTP/1.1" 200 (6 ms)
[13/Jul/2019:13:12:55 +0530] 0:0:0:0:0:0:0:1 "GET /tenant-api/swagger-resources/configuration/ui HTTP/1.1" 200 (261 ms)
[13/Jul/2019:13:12:55 +0530] 0:0:0:0:0:0:0:1 "GET /tenant-api/swagger-resources/configuration/security HTTP/1.1" 200 (15 ms)
[13/Jul/2019:13:12:55 +0530] 0:0:0:0:0:0:0:1 "GET /tenant-api/swagger-resources HTTP/1.1" 200 (12 ms)
[13/Jul/2019:13:12:56 +0530] 0:0:0:0:0:0:0:1 "GET /tenant-api/ HTTP/1.1" 404 (19 ms)
[13/Jul/2019:13:12:56 +0530] 0:0:0:0:0:0:0:1 "GET /tenant-api/v2/api-docs?group=tenant HTTP/1.1" 200 (111 ms)
[13/Jul/2019:13:12:56 +0530] 0:0:0:0:0:0:0:1 "GET /tenant-api/webjars/springfox-swagger-ui/fonts/titillium-web-v6-latin-700.woff2 HTTP/1.1" 200 (25 ms)
[13/Jul/2019:13:12:56 +0530] 0:0:0:0:0:0:0:1 "GET /tenant-api/csrf HTTP/1.1" 404 (25 ms)
[13/Jul/2019:13:12:56 +0530] 0:0:0:0:0:0:0:1 "GET /tenant-api/webjars/springfox-swagger-ui/fonts/open-sans-v15-latin-regular.woff2 HTTP/1.1" 200 (9 ms)
[13/Jul/2019:13:12:56 +0530] 0:0:0:0:0:0:0:1 "GET /tenant-api/webjars/springfox-swagger-ui/fonts/source-code-pro-v7-latin-300.woff2 HTTP/1.1" 200 (10 ms)
[13/Jul/2019:13:12:56 +0530] 0:0:0:0:0:0:0:1 "GET /tenant-api/webjars/springfox-swagger-ui/fonts/open-sans-v15-latin-700.woff2 HTTP/1.1" 200 (35 ms)
[13/Jul/2019:13:12:59 +0530] 0:0:0:0:0:0:0:1 "GET /tenant-api/webjars/springfox-swagger-ui/fonts/source-code-pro-v7-latin-600.woff2 HTTP/1.1" 200 (13 ms)
[13/Jul/2019:13:12:59 +0530] 0:0:0:0:0:0:0:1 "GET /tenant-api/webjars/springfox-swagger-ui/fonts/titillium-web-v6-latin-regular.woff2 HTTP/1.1" 200 (3 ms)
[13/Jul/2019:13:13:10 +0530] 0:0:0:0:0:0:0:1 "GET /tenant-api/v1/login?password=test&phone=9822110344 HTTP/1.1" 500 (630 ms)
[13/Jul/2019:13:13:11 +0530] 0:0:0:0:0:0:0:1 "GET /tenant-api/webjars/springfox-swagger-ui/fonts/titillium-web-v6-latin-600.woff2 HTTP/1.1" 200 (15 ms)
[13/Jul/2019:13:13:40 +0530] 0:0:0:0:0:0:0:1 "GET /tenant-api/v1/login?password=tester&phone=9822140905 HTTP/1.1" 500 (14 ms)
[13/Jul/2019:13:18:50 +0530] 0:0:0:0:0:0:0:1 "GET /tenant-api/swagger-ui.html HTTP/1.1" 304 (70 ms)
[13/Jul/2019:13:18:51 +0530] 0:0:0:0:0:0:0:1 "GET /tenant-api/webjars/springfox-swagger-ui/favicon-32x32.png?v=2.9.2 HTTP/1.1" 200 (67 ms)
[13/Jul/2019:13:18:51 +0530] 0:0:0:0:0:0:0:1 "GET /tenant-api/swagger-resources/configuration/ui HTTP/1.1" 200 (141 ms)
[13/Jul/2019:13:18:51 +0530] 0:0:0:0:0:0:0:1 "GET /tenant-api/swagger-resources/configuration/security HTTP/1.1" 200 (12 ms)
[13/Jul/2019:13:18:51 +0530] 0:0:0:0:0:0:0:1 "GET /tenant-api/swagger-resources HTTP/1.1" 200 (8 ms)
[13/Jul/2019:13:18:51 +0530] 0:0:0:0:0:0:0:1 "GET /tenant-api/ HTTP/1.1" 404 (38 ms)
[13/Jul/2019:13:18:51 +0530] 0:0:0:0:0:0:0:1 "GET /tenant-api/csrf HTTP/1.1" 404 (26 ms)
[13/Jul/2019:13:18:51 +0530] 0:0:0:0:0:0:0:1 "GET /tenant-api/v2/api-docs?group=tenant HTTP/1.1" 200 (173 ms)
[13/Jul/2019:13:19:13 +0530] 0:0:0:0:0:0:0:1 "GET /tenant-api/v1/login?password=tester&phone=9822140905 HTTP/1.1" 500 (144 ms)
[13/Jul/2019:13:20:51 +0530] 0:0:0:0:0:0:0:1 "GET /tenant-api/v1/login?password=tester&phone=9822140905 HTTP/1.1" 500 (15 ms)
[13/Jul/2019:13:21:53 +0530] 0:0:0:0:0:0:0:1 "GET /tenant-api/v1/login?password=tester&phone=9822140905 HTTP/1.1" 200 (233 ms)
[13/Jul/2019:13:28:53 +0530] 0:0:0:0:0:0:0:1 "GET /tenant-api/v1/login?password=tester&phone=9822140905 HTTP/1.1" 200 (753 ms)
[13/Jul/2019:13:31:12 +0530] 0:0:0:0:0:0:0:1 "POST /tenant-api/create HTTP/1.1" 200 (974 ms)
[13/Jul/2019:13:42:16 +0530] 0:0:0:0:0:0:0:1 "POST /tenant-api/create HTTP/1.1" 400 (392 ms)
[13/Jul/2019:13:42:47 +0530] 0:0:0:0:0:0:0:1 "POST /tenant-api/create HTTP/1.1" 200 (819 ms)
[13/Jul/2019:13:49:26 +0530] 0:0:0:0:0:0:0:1 "GET /tenant-api/swagger-ui.html HTTP/1.1" 200 (95 ms)
[13/Jul/2019:13:49:26 +0530] 0:0:0:0:0:0:0:1 "GET /tenant-api/webjars/springfox-swagger-ui/springfox.css?v=2.9.2 HTTP/1.1" 200 (63 ms)
[13/Jul/2019:13:49:26 +0530] 0:0:0:0:0:0:0:1 "GET /tenant-api/webjars/springfox-swagger-ui/swagger-ui.css?v=2.9.2 HTTP/1.1" 200 (178 ms)
[13/Jul/2019:13:49:26 +0530] 0:0:0:0:0:0:0:1 "GET /tenant-api/webjars/springfox-swagger-ui/springfox.js?v=2.9.2 HTTP/1.1" 200 (99 ms)
[13/Jul/2019:13:49:26 +0530] 0:0:0:0:0:0:0:1 "GET /tenant-api/webjars/springfox-swagger-ui/swagger-ui-standalone-preset.js?v=2.9.2 HTTP/1.1" 200 (186 ms)
[13/Jul/2019:13:49:26 +0530] 0:0:0:0:0:0:0:1 "GET /tenant-api/webjars/springfox-swagger-ui/swagger-ui-bundle.js?v=2.9.2 HTTP/1.1" 200 (268 ms)
[13/Jul/2019:13:49:27 +0530] 0:0:0:0:0:0:0:1 "GET /tenant-api/webjars/springfox-swagger-ui/favicon-32x32.png?v=2.9.2 HTTP/1.1" 200 (5 ms)
[13/Jul/2019:13:49:27 +0530] 0:0:0:0:0:0:0:1 "GET /tenant-api/swagger-resources/configuration/ui HTTP/1.1" 200 (79 ms)
[13/Jul/2019:13:49:27 +0530] 0:0:0:0:0:0:0:1 "GET /tenant-api/swagger-resources/configuration/security HTTP/1.1" 200 (12 ms)
[13/Jul/2019:13:49:27 +0530] 0:0:0:0:0:0:0:1 "GET /tenant-api/swagger-resources HTTP/1.1" 200 (9 ms)
[13/Jul/2019:13:49:27 +0530] 0:0:0:0:0:0:0:1 "GET /tenant-api/ HTTP/1.1" 404 (62 ms)
[13/Jul/2019:13:49:27 +0530] 0:0:0:0:0:0:0:1 "GET /tenant-api/webjars/springfox-swagger-ui/fonts/titillium-web-v6-latin-700.woff2 HTTP/1.1" 200 (87 ms)
[13/Jul/2019:13:49:27 +0530] 0:0:0:0:0:0:0:1 "GET /tenant-api/webjars/springfox-swagger-ui/fonts/open-sans-v15-latin-regular.woff2 HTTP/1.1" 200 (110 ms)
[13/Jul/2019:13:49:27 +0530] 0:0:0:0:0:0:0:1 "GET /tenant-api/csrf HTTP/1.1" 404 (71 ms)
[13/Jul/2019:13:49:27 +0530] 0:0:0:0:0:0:0:1 "GET /tenant-api/v2/api-docs?group=tenant HTTP/1.1" 200 (326 ms)
[13/Jul/2019:13:49:28 +0530] 0:0:0:0:0:0:0:1 "GET /tenant-api/webjars/springfox-swagger-ui/fonts/open-sans-v15-latin-700.woff2 HTTP/1.1" 200 (25 ms)
[13/Jul/2019:13:49:28 +0530] 0:0:0:0:0:0:0:1 "GET /tenant-api/webjars/springfox-swagger-ui/fonts/source-code-pro-v7-latin-300.woff2 HTTP/1.1" 200 (19 ms)
[13/Jul/2019:13:49:30 +0530] 0:0:0:0:0:0:0:1 "GET /tenant-api/webjars/springfox-swagger-ui/fonts/source-code-pro-v7-latin-600.woff2 HTTP/1.1" 200 (15 ms)
[13/Jul/2019:13:49:31 +0530] 0:0:0:0:0:0:0:1 "GET /tenant-api/webjars/springfox-swagger-ui/fonts/titillium-web-v6-latin-regular.woff2 HTTP/1.1" 200 (192 ms)
[13/Jul/2019:13:50:03 +0530] 0:0:0:0:0:0:0:1 "POST /tenant-api/create HTTP/1.1" 200 (228 ms)
[13/Jul/2019:13:50:03 +0530] 0:0:0:0:0:0:0:1 "GET /tenant-api/webjars/springfox-swagger-ui/fonts/titillium-web-v6-latin-600.woff2 HTTP/1.1" 200 (23 ms)
[13/Jul/2019:13:58:54 +0530] 0:0:0:0:0:0:0:1 "POST /tenant-api/create HTTP/1.1" 200 (521 ms)
[13/Jul/2019:15:33:16 +0530] 0:0:0:0:0:0:0:1 "POST /tenant-api/create HTTP/1.1" 200 (1020 ms)
[13/Jul/2019:15:45:48 +0530] 0:0:0:0:0:0:0:1 "GET /tenant-api/swagger-resources/configuration/ui HTTP/1.1" 200 (254 ms)
[13/Jul/2019:15:45:48 +0530] 0:0:0:0:0:0:0:1 "GET /tenant-api/swagger-resources/configuration/security HTTP/1.1" 200 (12 ms)
[13/Jul/2019:15:45:48 +0530] 0:0:0:0:0:0:0:1 "GET /tenant-api/swagger-resources HTTP/1.1" 200 (13 ms)
[13/Jul/2019:15:45:48 +0530] 0:0:0:0:0:0:0:1 "GET /tenant-api/ HTTP/1.1" 404 (66 ms)
[13/Jul/2019:15:45:48 +0530] 0:0:0:0:0:0:0:1 "GET /tenant-api/csrf HTTP/1.1" 404 (6 ms)
[13/Jul/2019:15:45:49 +0530] 0:0:0:0:0:0:0:1 "GET /tenant-api/v2/api-docs?group=tenant HTTP/1.1" 200 (332 ms)
[13/Jul/2019:15:46:32 +0530] 0:0:0:0:0:0:0:1 "POST /tenant-api/create HTTP/1.1" 200 (409 ms)
[13/Jul/2019:15:52:46 +0530] 0:0:0:0:0:0:0:1 "POST /tenant-api/create HTTP/1.1" 200 (622 ms)
